2020-04-07 14:22:08.785  INFO 13679 --- [main] DemoApplication        : Starting DemoApplication on gm-LIFEBOOK-AH532-G52 with PID 13679 (/home/gm/Work/demo/target/classes started by gm in /home/gm/Work/demo)
2020-04-07 14:22:08.790  INFO 13679 --- [main] DemoApplication        : No active profile set, falling back to default profiles: default
2020-04-07 14:22:09.637  INFO 13679 --- [main] .s.d.r.c.RepositoryConfigurationDelegate : Bootstrapping Spring Data JPA repositories in DEFAULT mode.
2020-04-07 14:22:09.661  INFO 13679 --- [main] .s.d.r.c.RepositoryConfigurationDelegate : Finished Spring Data repository scanning in 14ms. Found 0 JPA repository interfaces.
2020-04-07 14:22:10.311  INFO 13679 --- [main] o.s.b.w.embedded.tomcat.TomcatWebServer  : Tomcat initialized with port(s): 8080 (http)
2020-04-07 14:22:10.324  INFO 13679 --- [main] o.apache.catalina.core.StandardService   : Starting service [Tomcat]
2020-04-07 14:22:10.324  INFO 13679 --- [main] org.apache.catalina.core.StandardEngine  : Starting Servlet engine: [Apache Tomcat/9.0.33]
2020-04-07 14:22:10.428  INFO 13679 --- [main] o.a.c.c.C.[Tomcat].[localhost].[/]       : Initializing Spring embedded WebApplicationContext
2020-04-07 14:22:10.428  INFO 13679 --- [main] o.s.web.context.ContextLoader            : Root WebApplicationContext: initialization completed in 1569 ms
2020-04-07 14:22:10.608  INFO 13679 --- [main] o.hibernate.jpa.internal.util.LogHelper  : HHH000204: Processing PersistenceUnitInfo [name: default]
2020-04-07 14:22:10.681  INFO 13679 --- [main] org.hibernate.Version                    : HHH000412: Hibernate ORM core version 5.4.12.Final
2020-04-07 14:22:10.802  INFO 13679 --- [main] o.hibernate.annotations.common.Version   : HCANN000001: Hibernate Commons Annotations {5.1.0.Final}
2020-04-07 14:22:10.901  INFO 13679 --- [main] com.zaxxer.hikari.HikariDataSource       : HikariPool-1 - Starting...
2020-04-07 14:22:11.151  INFO 13679 --- [main] com.zaxxer.hikari.HikariDataSource       : HikariPool-1 - Start completed.
2020-04-07 14:22:11.179  INFO 13679 --- [main] org.hibernate.dialect.Dialect            : HHH000400: Using dialect: org.hibernate.dialect.PostgreSQL9Dialect
2020-04-07 14:22:11.432  INFO 13679 --- [main] o.h.e.t.j.p.i.JtaPlatformInitiator       : HHH000490: Using JtaPlatform implementation: [org.hibernate.engine.transaction.jta.platform.internal.NoJtaPlatform]
2020-04-07 14:22:11.441  INFO 13679 --- [main] j.LocalContainerEntityManagerFactoryBean : Initialized JPA EntityManagerFactory for persistence unit 'default'
2020-04-07 14:22:11.508  WARN 13679 --- [main] JpaBaseConfiguration$JpaWebConfiguration : spring.jpa.open-in-view is enabled by default. Therefore, database queries may be performed during view rendering. Explicitly configure spring.jpa.open-in-view to disable this warning
2020-04-07 14:22:11.665  INFO 13679 --- [main] o.s.s.concurrent.ThreadPoolTaskExecutor  : Initializing ExecutorService 'applicationTaskExecutor'
2020-04-07 14:22:11.968  INFO 13679 --- [main] o.s.b.w.embedded.tomcat.TomcatWebServer  : Tomcat started on port(s): 8080 (http) with context path ''
2020-04-07 14:22:11.974  INFO 13679 --- [main] DemoApplication        : Started DemoApplication in 3.933 seconds (JVM running for 4.501)
2020-04-07 14:22:25.279  INFO 13679 --- [http-nio-8080-exec-1] o.a.c.c.C.[Tomcat].[localhost].[/]       : Initializing Spring DispatcherServlet 'dispatcherServlet'
2020-04-07 14:22:25.280  INFO 13679 --- [http-nio-8080-exec-1] o.s.web.servlet.DispatcherServlet        : Initializing Servlet 'dispatcherServlet'
2020-04-07 14:22:25.291  INFO 13679 --- [http-nio-8080-exec-1] o.s.web.servlet.DispatcherServlet        : Completed initialization in 11 ms
2020-04-07 14:27:21.586  INFO 13679 --- [SpringContextShutdownHook] o.s.s.concurrent.ThreadPoolTaskExecutor  : Shutting down ExecutorService 'applicationTaskExecutor'
2020-04-07 14:27:21.587  INFO 13679 --- [SpringContextShutdownHook] j.LocalContainerEntityManagerFactoryBean : Closing JPA EntityManagerFactory for persistence unit 'default'
2020-04-07 14:27:21.590  INFO 13679 --- [SpringContextShutdownHook] com.zaxxer.hikari.HikariDataSource       : HikariPool-1 - Shutdown initiated...
2020-04-07 14:27:21.594  INFO 13679 --- [SpringContextShutdownHook] com.zaxxer.hikari.HikariDataSource       : HikariPool-1 - Shutdown completed.
