2020-04-10 15:00:12.018  INFO 13006 --- [main] com.marmaris.WebApplication              : Starting WebApplication on gm-LIFEBOOK-AH532-G52 with PID 13006 (/home/gm/Work/web-app/web/target/classes started by gm in /home/gm/Work/web-app/web)
2020-04-10 15:00:12.021  INFO 13006 --- [main] com.marmaris.WebApplication              : No active profile set, falling back to default profiles: default
2020-04-10 15:00:12.577  INFO 13006 --- [main] .s.d.r.c.RepositoryConfigurationDelegate : Bootstrapping Spring Data JPA repositories in DEFAULT mode.
2020-04-10 15:00:12.630  INFO 13006 --- [main] .s.d.r.c.RepositoryConfigurationDelegate : Finished Spring Data repository scanning in 46ms. Found 1 JPA repository interfaces.
2020-04-10 15:00:13.121  INFO 13006 --- [main] o.s.b.w.embedded.tomcat.TomcatWebServer  : Tomcat initialized with port(s): 8080 (http)
2020-04-10 15:00:13.129  INFO 13006 --- [main] o.apache.catalina.core.StandardService   : Starting service [Tomcat]
2020-04-10 15:00:13.129  INFO 13006 --- [main] org.apache.catalina.core.StandardEngine  : Starting Servlet engine: [Apache Tomcat/9.0.33]
2020-04-10 15:00:13.218  INFO 13006 --- [main] o.a.c.c.C.[Tomcat].[localhost].[/]       : Initializing Spring embedded WebApplicationContext
2020-04-10 15:00:13.218 DEBUG 13006 --- [main] o.s.web.context.ContextLoader            : Published root WebApplicationContext as ServletContext attribute with name [org.springframework.web.context.WebApplicationContext.ROOT]
2020-04-10 15:00:13.218  INFO 13006 --- [main] o.s.web.context.ContextLoader            : Root WebApplicationContext: initialization completed in 1159 ms
2020-04-10 15:00:13.233 DEBUG 13006 --- [main] o.s.b.w.s.ServletContextInitializerBeans : Mapping filters: characterEncodingFilter urls=[/*] order=-2147483648, formContentFilter urls=[/*] order=-9900, requestContextFilter urls=[/*] order=-105
2020-04-10 15:00:13.234 DEBUG 13006 --- [main] o.s.b.w.s.ServletContextInitializerBeans : Mapping servlets: dispatcherServlet urls=[/]
2020-04-10 15:00:13.322  INFO 13006 --- [main] o.f.c.internal.license.VersionPrinter    : Flyway Community Edition 6.0.8 by Redgate
2020-04-10 15:00:13.327  INFO 13006 --- [main] com.zaxxer.hikari.HikariDataSource       : HikariPool-1 - Starting...
2020-04-10 15:00:13.429  INFO 13006 --- [main] com.zaxxer.hikari.HikariDataSource       : HikariPool-1 - Start completed.
2020-04-10 15:00:13.436  INFO 13006 --- [main] o.f.c.internal.database.DatabaseFactory  : Database: jdbc:h2:mem:testdb (H2 1.4)
2020-04-10 15:00:13.460  WARN 13006 --- [main] o.f.c.internal.database.base.Database    : Flyway upgrade recommended: H2 1.4.200 is newer than this version of Flyway and support has not been tested. The latest supported version of H2 is 1.4.199.
2020-04-10 15:00:13.492  INFO 13006 --- [main] o.f.core.internal.command.DbValidate     : Successfully validated 1 migration (execution time 00:00.021s)
2020-04-10 15:00:13.507  INFO 13006 --- [main] o.f.c.i.s.JdbcTableSchemaHistory         : Creating Schema History table "PUBLIC"."flyway_schema_history" ...
2020-04-10 15:00:13.551  INFO 13006 --- [main] o.f.core.internal.command.DbMigrate      : Current version of schema "PUBLIC": << Empty Schema >>
2020-04-10 15:00:13.555  INFO 13006 --- [main] o.f.core.internal.command.DbMigrate      : Migrating schema "PUBLIC" to version 01.0 - add user table
2020-04-10 15:00:13.573  INFO 13006 --- [main] o.f.core.internal.command.DbMigrate      : Successfully applied 1 migration to schema "PUBLIC" (execution time 00:00.030s)
2020-04-10 15:00:13.645  INFO 13006 --- [main] o.hibernate.jpa.internal.util.LogHelper  : HHH000204: Processing PersistenceUnitInfo [name: default]
2020-04-10 15:00:13.710  INFO 13006 --- [main] org.hibernate.Version                    : HHH000412: Hibernate ORM core version 5.4.12.Final
2020-04-10 15:00:13.796  INFO 13006 --- [main] o.hibernate.annotations.common.Version   : HCANN000001: Hibernate Commons Annotations {5.1.0.Final}
2020-04-10 15:00:13.892  INFO 13006 --- [main] org.hibernate.dialect.Dialect            : HHH000400: Using dialect: org.hibernate.dialect.H2Dialect
2020-04-10 15:00:14.277  INFO 13006 --- [main] o.h.e.t.j.p.i.JtaPlatformInitiator       : HHH000490: Using JtaPlatform implementation: [org.hibernate.engine.transaction.jta.platform.internal.NoJtaPlatform]
2020-04-10 15:00:14.282  INFO 13006 --- [main] j.LocalContainerEntityManagerFactoryBean : Initialized JPA EntityManagerFactory for persistence unit 'default'
2020-04-10 15:00:14.368 DEBUG 13006 --- [main] o.h.stat.internal.StatisticsInitiator    : Statistics initialized [enabled=false]
2020-04-10 15:00:14.488  WARN 13006 --- [main] JpaBaseConfiguration$JpaWebConfiguration : spring.jpa.open-in-view is enabled by default. Therefore, database queries may be performed during view rendering. Explicitly configure spring.jpa.open-in-view to disable this warning
2020-04-10 15:00:14.590  INFO 13006 --- [main] o.s.s.concurrent.ThreadPoolTaskExecutor  : Initializing ExecutorService 'applicationTaskExecutor'
2020-04-10 15:00:14.599 DEBUG 13006 --- [main] s.w.s.m.m.a.RequestMappingHandlerAdapter : ControllerAdvice beans: 0 @ModelAttribute, 0 @InitBinder, 1 RequestBodyAdvice, 1 ResponseBodyAdvice
2020-04-10 15:00:14.639 DEBUG 13006 --- [main] s.w.s.m.m.a.RequestMappingHandlerMapping : 4 mappings in 'requestMappingHandlerMapping'
2020-04-10 15:00:14.664 DEBUG 13006 --- [main] o.s.w.s.handler.SimpleUrlHandlerMapping  : Patterns [/webjars/**, /**] in 'resourceHandlerMapping'
2020-04-10 15:00:14.673 DEBUG 13006 --- [main] .m.m.a.ExceptionHandlerExceptionResolver : ControllerAdvice beans: 0 @ExceptionHandler, 1 ResponseBodyAdvice
2020-04-10 15:00:14.797  INFO 13006 --- [main] o.s.b.w.embedded.tomcat.TomcatWebServer  : Tomcat started on port(s): 8080 (http) with context path ''
2020-04-10 15:00:14.801  INFO 13006 --- [main] com.marmaris.WebApplication              : Started WebApplication in 3.194 seconds (JVM running for 3.511)
2020-04-10 15:00:27.223  INFO 13006 --- [http-nio-8080-exec-1] o.a.c.c.C.[Tomcat].[localhost].[/]       : Initializing Spring DispatcherServlet 'dispatcherServlet'
2020-04-10 15:00:27.224  INFO 13006 --- [http-nio-8080-exec-1] o.s.web.servlet.DispatcherServlet        : Initializing Servlet 'dispatcherServlet'
2020-04-10 15:00:27.225 DEBUG 13006 --- [http-nio-8080-exec-1] o.s.web.servlet.DispatcherServlet        : Detected StandardServletMultipartResolver
2020-04-10 15:00:27.231 DEBUG 13006 --- [http-nio-8080-exec-1] o.s.web.servlet.DispatcherServlet        : enableLoggingRequestDetails='false': request parameters and headers will be masked to prevent unsafe logging of potentially sensitive data
2020-04-10 15:00:27.232  INFO 13006 --- [http-nio-8080-exec-1] o.s.web.servlet.DispatcherServlet        : Completed initialization in 7 ms
2020-04-10 15:00:27.239 DEBUG 13006 --- [http-nio-8080-exec-1] o.s.web.servlet.DispatcherServlet        : GET "/", parameters={}
2020-04-10 15:00:27.241 DEBUG 13006 --- [http-nio-8080-exec-1] s.w.s.m.m.a.RequestMappingHandlerMapping : Mapped to com.marmaris.web.controller.UserController#homePage(Model)
2020-04-10 15:00:27.261 DEBUG 13006 --- [http-nio-8080-exec-1] o.s.w.s.v.ContentNegotiatingViewResolver : Selected 'text/html' given [text/html, application/xhtml+xml, image/webp, image/apng, application/xml;q=0.9, application/signed-exchange;v=b3;q=0.9, */*;q=0.8]
2020-04-10 15:00:27.544 DEBUG 13006 --- [http-nio-8080-exec-1] o.s.web.servlet.DispatcherServlet        : Completed 200 OK
2020-04-10 15:00:27.580 DEBUG 13006 --- [http-nio-8080-exec-2] o.s.web.servlet.DispatcherServlet        : GET "/favicon.ico", parameters={}
2020-04-10 15:00:27.583 DEBUG 13006 --- [http-nio-8080-exec-2] o.s.w.s.handler.SimpleUrlHandlerMapping  : Mapped to ResourceHttpRequestHandler ["classpath:/META-INF/resources/", "classpath:/resources/", "classpath:/static/", "classpath:/public/", "/"]
2020-04-10 15:00:27.585 DEBUG 13006 --- [http-nio-8080-exec-2] o.s.w.s.r.ResourceHttpRequestHandler     : Resource not found
2020-04-10 15:00:27.585 DEBUG 13006 --- [http-nio-8080-exec-2] o.s.web.servlet.DispatcherServlet        : Completed 404 NOT_FOUND
2020-04-10 15:00:27.589 DEBUG 13006 --- [http-nio-8080-exec-2] o.s.web.servlet.DispatcherServlet        : "ERROR" dispatch for GET "/error", parameters={}
2020-04-10 15:00:27.590 DEBUG 13006 --- [http-nio-8080-exec-2] s.w.s.m.m.a.RequestMappingHandlerMapping : Mapped to org.springframework.boot.autoconfigure.web.servlet.error.BasicErrorController#error(HttpServletRequest)
2020-04-10 15:00:27.606 DEBUG 13006 --- [http-nio-8080-exec-2] o.s.w.s.m.m.a.HttpEntityMethodProcessor  : Using 'application/json;q=0.8', given [image/webp, image/apng, image/*, */*;q=0.8] and supported [application/json, application/*+json, application/json, application/*+json]
2020-04-10 15:00:27.607 DEBUG 13006 --- [http-nio-8080-exec-2] o.s.w.s.m.m.a.HttpEntityMethodProcessor  : Writing [{timestamp=Fri Apr 10 15:00:27 CEST 2020, status=404, error=Not Found, message=No message available, (truncated)...]
2020-04-10 15:00:27.636 DEBUG 13006 --- [http-nio-8080-exec-2] o.s.web.servlet.DispatcherServlet        : Exiting from "ERROR" dispatch, status 404
2020-04-10 15:00:31.627  INFO 13006 --- [SpringContextShutdownHook] o.s.s.concurrent.ThreadPoolTaskExecutor  : Shutting down ExecutorService 'applicationTaskExecutor'
2020-04-10 15:00:31.629  INFO 13006 --- [SpringContextShutdownHook] j.LocalContainerEntityManagerFactoryBean : Closing JPA EntityManagerFactory for persistence unit 'default'
2020-04-10 15:00:31.634  INFO 13006 --- [SpringContextShutdownHook] com.zaxxer.hikari.HikariDataSource       : HikariPool-1 - Shutdown initiated...
2020-04-10 15:00:31.638  INFO 13006 --- [SpringContextShutdownHook] com.zaxxer.hikari.HikariDataSource       : HikariPool-1 - Shutdown completed.
2020-04-10 15:11:01.455  INFO 14035 --- [main] com.marmaris.WebApplication          : Starting WebApplication on gm-LIFEBOOK-AH532-G52 with PID 14035 (/home/gm/Work/web-app/web/target/classes started by gm in /home/gm/Work/web-app/web)
2020-04-10 15:11:01.458  INFO 14035 --- [main] com.marmaris.WebApplication          : No active profile set, falling back to default profiles: default
2020-04-10 15:11:01.969  INFO 14035 --- [main] .s.d.r.c.RepositoryConfigurationDelegate : Bootstrapping Spring Data JPA repositories in DEFAULT mode.
2020-04-10 15:11:01.985  INFO 14035 --- [main] .s.d.r.c.RepositoryConfigurationDelegate : Finished Spring Data repository scanning in 10ms. Found 0 JPA repository interfaces.
2020-04-10 15:11:02.417  INFO 14035 --- [main] o.s.b.w.embedded.tomcat.TomcatWebServer  : Tomcat initialized with port(s): 8080 (http)
2020-04-10 15:11:02.424  INFO 14035 --- [main] o.apache.catalina.core.StandardService   : Starting service [Tomcat]
2020-04-10 15:11:02.425  INFO 14035 --- [main] org.apache.catalina.core.StandardEngine  : Starting Servlet engine: [Apache Tomcat/9.0.33]
2020-04-10 15:11:02.488  INFO 14035 --- [main] o.a.c.c.C.[Tomcat].[localhost].[/]       : Initializing Spring embedded WebApplicationContext
2020-04-10 15:11:02.488 DEBUG 14035 --- [main] o.s.web.context.ContextLoader            : Published root WebApplicationContext as ServletContext attribute with name [org.springframework.web.context.WebApplicationContext.ROOT]
2020-04-10 15:11:02.488  INFO 14035 --- [main] o.s.web.context.ContextLoader            : Root WebApplicationContext: initialization completed in 994 ms
2020-04-10 15:11:02.504 DEBUG 14035 --- [main] o.s.b.w.s.ServletContextInitializerBeans : Mapping filters: characterEncodingFilter urls=[/*] order=-2147483648, formContentFilter urls=[/*] order=-9900, requestContextFilter urls=[/*] order=-105
2020-04-10 15:11:02.504 DEBUG 14035 --- [main] o.s.b.w.s.ServletContextInitializerBeans : Mapping servlets: dispatcherServlet urls=[/]
2020-04-10 15:11:02.594  INFO 14035 --- [main] o.f.c.internal.license.VersionPrinter    : Flyway Community Edition 6.0.8 by Redgate
2020-04-10 15:11:02.598  INFO 14035 --- [main] com.zaxxer.hikari.HikariDataSource       : HikariPool-1 - Starting...
2020-04-10 15:11:02.685  INFO 14035 --- [main] com.zaxxer.hikari.HikariDataSource       : HikariPool-1 - Start completed.
2020-04-10 15:11:02.691  INFO 14035 --- [main] o.f.c.internal.database.DatabaseFactory  : Database: jdbc:h2:mem:testdb (H2 1.4)
2020-04-10 15:11:02.714  WARN 14035 --- [main] o.f.c.internal.database.base.Database    : Flyway upgrade recommended: H2 1.4.200 is newer than this version of Flyway and support has not been tested. The latest supported version of H2 is 1.4.199.
2020-04-10 15:11:02.742  INFO 14035 --- [main] o.f.core.internal.command.DbValidate     : Successfully validated 1 migration (execution time 00:00.020s)
2020-04-10 15:11:02.758  INFO 14035 --- [main] o.f.c.i.s.JdbcTableSchemaHistory         : Creating Schema History table "PUBLIC"."flyway_schema_history" ...
2020-04-10 15:11:02.809  INFO 14035 --- [main] o.f.core.internal.command.DbMigrate      : Current version of schema "PUBLIC": << Empty Schema >>
2020-04-10 15:11:02.813  INFO 14035 --- [main] o.f.core.internal.command.DbMigrate      : Migrating schema "PUBLIC" to version 01.0 - add user table
2020-04-10 15:11:02.832  INFO 14035 --- [main] o.f.core.internal.command.DbMigrate      : Successfully applied 1 migration to schema "PUBLIC" (execution time 00:00.033s)
2020-04-10 15:11:02.888  INFO 14035 --- [main] o.hibernate.jpa.internal.util.LogHelper  : HHH000204: Processing PersistenceUnitInfo [name: default]
2020-04-10 15:11:02.930  INFO 14035 --- [main] org.hibernate.Version                    : HHH000412: Hibernate ORM core version 5.4.12.Final
2020-04-10 15:11:03.014  INFO 14035 --- [main] o.hibernate.annotations.common.Version   : HCANN000001: Hibernate Commons Annotations {5.1.0.Final}
2020-04-10 15:11:03.083  INFO 14035 --- [main] org.hibernate.dialect.Dialect            : HHH000400: Using dialect: org.hibernate.dialect.H2Dialect
2020-04-10 15:11:03.203  INFO 14035 --- [main] o.h.e.t.j.p.i.JtaPlatformInitiator       : HHH000490: Using JtaPlatform implementation: [org.hibernate.engine.transaction.jta.platform.internal.NoJtaPlatform]
2020-04-10 15:11:03.208  INFO 14035 --- [main] j.LocalContainerEntityManagerFactoryBean : Initialized JPA EntityManagerFactory for persistence unit 'default'
2020-04-10 15:11:03.214  WARN 14035 --- [main] ConfigServletWebServerApplicationContext : Exception encountered during context initialization - cancelling refresh attempt: org.springframework.beans.factory.UnsatisfiedDependencyException: Error creating bean with name 'userController' defined in file [/home/gm/Work/web-app/web/target/classes/com/marmaris/web/controller/UserController.class]: Unsatisfied dependency expressed through constructor parameter 0; nested exception is org.springframework.beans.factory.NoSuchBeanDefinitionException: No qualifying bean of type 'com.marmaris.persistence.service.UserService' available: expected at least 1 bean which qualifies as autowire candidate. Dependency annotations: {}
2020-04-10 15:11:03.214  INFO 14035 --- [main] j.LocalContainerEntityManagerFactoryBean : Closing JPA EntityManagerFactory for persistence unit 'default'
2020-04-10 15:11:03.217  INFO 14035 --- [main] com.zaxxer.hikari.HikariDataSource       : HikariPool-1 - Shutdown initiated...
2020-04-10 15:11:03.221  INFO 14035 --- [main] com.zaxxer.hikari.HikariDataSource       : HikariPool-1 - Shutdown completed.
2020-04-10 15:11:03.222  INFO 14035 --- [main] o.apache.catalina.core.StandardService   : Stopping service [Tomcat]
2020-04-10 15:11:03.236  INFO 14035 --- [main] ConditionEvaluationReportLoggingListener : 

Error starting ApplicationContext. To display the conditions report re-run your application with 'debug' enabled.
2020-04-10 15:11:03.312 ERROR 14035 --- [main] o.s.b.d.LoggingFailureAnalysisReporter   : 

***************************
APPLICATION FAILED TO START
***************************

Description:

Parameter 0 of constructor in com.marmaris.web.controller.UserController required a bean of type 'com.marmaris.persistence.service.UserService' that could not be found.


Action:

Consider defining a bean of type 'com.marmaris.persistence.service.UserService' in your configuration.

2020-04-10 15:12:46.398  INFO 14542 --- [main] com.marmaris.WebApplication              : Starting WebApplication on gm-LIFEBOOK-AH532-G52 with PID 14542 (/home/gm/Work/web-app/web/target/classes started by gm in /home/gm/Work/web-app/web)
2020-04-10 15:12:46.401  INFO 14542 --- [main] com.marmaris.WebApplication              : No active profile set, falling back to default profiles: default
2020-04-10 15:12:46.914  INFO 14542 --- [main] .s.d.r.c.RepositoryConfigurationDelegate : Bootstrapping Spring Data JPA repositories in DEFAULT mode.
2020-04-10 15:12:46.960  INFO 14542 --- [main] .s.d.r.c.RepositoryConfigurationDelegate : Finished Spring Data repository scanning in 40ms. Found 1 JPA repository interfaces.
2020-04-10 15:12:47.424  INFO 14542 --- [main] o.s.b.w.embedded.tomcat.TomcatWebServer  : Tomcat initialized with port(s): 8080 (http)
2020-04-10 15:12:47.432  INFO 14542 --- [main] o.apache.catalina.core.StandardService   : Starting service [Tomcat]
2020-04-10 15:12:47.432  INFO 14542 --- [main] org.apache.catalina.core.StandardEngine  : Starting Servlet engine: [Apache Tomcat/9.0.33]
2020-04-10 15:12:47.509  INFO 14542 --- [main] o.a.c.c.C.[Tomcat].[localhost].[/]       : Initializing Spring embedded WebApplicationContext
2020-04-10 15:12:47.509 DEBUG 14542 --- [main] o.s.web.context.ContextLoader            : Published root WebApplicationContext as ServletContext attribute with name [org.springframework.web.context.WebApplicationContext.ROOT]
2020-04-10 15:12:47.509  INFO 14542 --- [main] o.s.web.context.ContextLoader            : Root WebApplicationContext: initialization completed in 1072 ms
2020-04-10 15:12:47.525 DEBUG 14542 --- [main] o.s.b.w.s.ServletContextInitializerBeans : Mapping filters: characterEncodingFilter urls=[/*] order=-2147483648, formContentFilter urls=[/*] order=-9900, requestContextFilter urls=[/*] order=-105
2020-04-10 15:12:47.525 DEBUG 14542 --- [main] o.s.b.w.s.ServletContextInitializerBeans : Mapping servlets: dispatcherServlet urls=[/]
2020-04-10 15:12:47.605  INFO 14542 --- [main] o.f.c.internal.license.VersionPrinter    : Flyway Community Edition 6.0.8 by Redgate
2020-04-10 15:12:47.609  INFO 14542 --- [main] com.zaxxer.hikari.HikariDataSource       : HikariPool-1 - Starting...
2020-04-10 15:12:47.690  INFO 14542 --- [main] com.zaxxer.hikari.HikariDataSource       : HikariPool-1 - Start completed.
2020-04-10 15:12:47.698  INFO 14542 --- [main] o.f.c.internal.database.DatabaseFactory  : Database: jdbc:h2:mem:testdb (H2 1.4)
2020-04-10 15:12:47.720  WARN 14542 --- [main] o.f.c.internal.database.base.Database    : Flyway upgrade recommended: H2 1.4.200 is newer than this version of Flyway and support has not been tested. The latest supported version of H2 is 1.4.199.
2020-04-10 15:12:47.749  INFO 14542 --- [main] o.f.core.internal.command.DbValidate     : Successfully validated 1 migration (execution time 00:00.020s)
2020-04-10 15:12:47.766  INFO 14542 --- [main] o.f.c.i.s.JdbcTableSchemaHistory         : Creating Schema History table "PUBLIC"."flyway_schema_history" ...
2020-04-10 15:12:47.812  INFO 14542 --- [main] o.f.core.internal.command.DbMigrate      : Current version of schema "PUBLIC": << Empty Schema >>
2020-04-10 15:12:47.816  INFO 14542 --- [main] o.f.core.internal.command.DbMigrate      : Migrating schema "PUBLIC" to version 01.0 - add user table
2020-04-10 15:12:47.836  INFO 14542 --- [main] o.f.core.internal.command.DbMigrate      : Successfully applied 1 migration to schema "PUBLIC" (execution time 00:00.034s)
2020-04-10 15:12:47.891  INFO 14542 --- [main] o.hibernate.jpa.internal.util.LogHelper  : HHH000204: Processing PersistenceUnitInfo [name: default]
2020-04-10 15:12:47.933  INFO 14542 --- [main] org.hibernate.Version                    : HHH000412: Hibernate ORM core version 5.4.12.Final
2020-04-10 15:12:48.013  INFO 14542 --- [main] o.hibernate.annotations.common.Version   : HCANN000001: Hibernate Commons Annotations {5.1.0.Final}
2020-04-10 15:12:48.095  INFO 14542 --- [main] org.hibernate.dialect.Dialect            : HHH000400: Using dialect: org.hibernate.dialect.H2Dialect
2020-04-10 15:12:48.463  INFO 14542 --- [main] o.h.e.t.j.p.i.JtaPlatformInitiator       : HHH000490: Using JtaPlatform implementation: [org.hibernate.engine.transaction.jta.platform.internal.NoJtaPlatform]
2020-04-10 15:12:48.469  INFO 14542 --- [main] j.LocalContainerEntityManagerFactoryBean : Initialized JPA EntityManagerFactory for persistence unit 'default'
2020-04-10 15:12:48.556 DEBUG 14542 --- [main] o.h.stat.internal.StatisticsInitiator    : Statistics initialized [enabled=false]
2020-04-10 15:12:48.681  WARN 14542 --- [main] JpaBaseConfiguration$JpaWebConfiguration : spring.jpa.open-in-view is enabled by default. Therefore, database queries may be performed during view rendering. Explicitly configure spring.jpa.open-in-view to disable this warning
2020-04-10 15:12:48.783  INFO 14542 --- [main] o.s.s.concurrent.ThreadPoolTaskExecutor  : Initializing ExecutorService 'applicationTaskExecutor'
2020-04-10 15:12:48.791 DEBUG 14542 --- [main] s.w.s.m.m.a.RequestMappingHandlerAdapter : ControllerAdvice beans: 0 @ModelAttribute, 0 @InitBinder, 1 RequestBodyAdvice, 1 ResponseBodyAdvice
2020-04-10 15:12:48.829 DEBUG 14542 --- [main] s.w.s.m.m.a.RequestMappingHandlerMapping : 4 mappings in 'requestMappingHandlerMapping'
2020-04-10 15:12:48.856 DEBUG 14542 --- [main] o.s.w.s.handler.SimpleUrlHandlerMapping  : Patterns [/webjars/**, /**] in 'resourceHandlerMapping'
2020-04-10 15:12:48.865 DEBUG 14542 --- [main] .m.m.a.ExceptionHandlerExceptionResolver : ControllerAdvice beans: 0 @ExceptionHandler, 1 ResponseBodyAdvice
2020-04-10 15:12:48.979  INFO 14542 --- [main] o.s.b.w.embedded.tomcat.TomcatWebServer  : Tomcat started on port(s): 8080 (http) with context path ''
2020-04-10 15:12:48.983  INFO 14542 --- [main] com.marmaris.WebApplication              : Started WebApplication in 2.983 seconds (JVM running for 3.302)
2020-04-10 15:12:57.757  INFO 14542 --- [http-nio-8080-exec-1] o.a.c.c.C.[Tomcat].[localhost].[/]       : Initializing Spring DispatcherServlet 'dispatcherServlet'
2020-04-10 15:12:57.757  INFO 14542 --- [http-nio-8080-exec-1] o.s.web.servlet.DispatcherServlet        : Initializing Servlet 'dispatcherServlet'
2020-04-10 15:12:57.758 DEBUG 14542 --- [http-nio-8080-exec-1] o.s.web.servlet.DispatcherServlet        : Detected StandardServletMultipartResolver
2020-04-10 15:12:57.766 DEBUG 14542 --- [http-nio-8080-exec-1] o.s.web.servlet.DispatcherServlet        : enableLoggingRequestDetails='false': request parameters and headers will be masked to prevent unsafe logging of potentially sensitive data
2020-04-10 15:12:57.766  INFO 14542 --- [http-nio-8080-exec-1] o.s.web.servlet.DispatcherServlet        : Completed initialization in 8 ms
2020-04-10 15:12:57.777 DEBUG 14542 --- [http-nio-8080-exec-1] o.s.web.servlet.DispatcherServlet        : GET "/", parameters={}
2020-04-10 15:12:57.779 DEBUG 14542 --- [http-nio-8080-exec-1] s.w.s.m.m.a.RequestMappingHandlerMapping : Mapped to com.marmaris.web.controller.UserController#homePage(Model)
2020-04-10 15:12:57.799 DEBUG 14542 --- [http-nio-8080-exec-1] o.s.w.s.v.ContentNegotiatingViewResolver : Selected 'text/html' given [text/html, application/xhtml+xml, image/webp, image/apng, application/xml;q=0.9, application/signed-exchange;v=b3;q=0.9, */*;q=0.8]
2020-04-10 15:12:58.071 DEBUG 14542 --- [http-nio-8080-exec-1] o.s.web.servlet.DispatcherServlet        : Completed 200 OK
2020-04-10 15:13:05.955  INFO 14542 --- [SpringContextShutdownHook] o.s.s.concurrent.ThreadPoolTaskExecutor  : Shutting down ExecutorService 'applicationTaskExecutor'
2020-04-10 15:13:05.957  INFO 14542 --- [SpringContextShutdownHook] j.LocalContainerEntityManagerFactoryBean : Closing JPA EntityManagerFactory for persistence unit 'default'
2020-04-10 15:13:05.961  INFO 14542 --- [SpringContextShutdownHook] com.zaxxer.hikari.HikariDataSource       : HikariPool-1 - Shutdown initiated...
2020-04-10 15:13:05.967  INFO 14542 --- [SpringContextShutdownHook] com.zaxxer.hikari.HikariDataSource       : HikariPool-1 - Shutdown completed.
